Determining if the pthread_create exist failed with the following output:
Change Dir: /home/michael/Desktop/AutonomeNavigationTB/3_ROS_WS/HelloEclipse/build/CMakeFiles/CMakeTmp

Run Build Command:"/usr/bin/make" "cmTC_18f46/fast"
make[1]: Entering directory '/home/michael/Desktop/AutonomeNavigationTB/3_ROS_WS/HelloEclipse/build/CMakeFiles/CMakeTmp'
/usr/bin/make -f CMakeFiles/cmTC_18f46.dir/build.make CMakeFiles/cmTC_18f46.dir/build
make[2]: Entering directory '/home/michael/Desktop/AutonomeNavigationTB/3_ROS_WS/HelloEclipse/build/CMakeFiles/CMakeTmp'
Building C object CMakeFiles/cmTC_18f46.dir/CheckSymbolExists.c.o
/usr/bin/cc     -o CMakeFiles/cmTC_18f46.dir/CheckSymbolExists.c.o   -c /home/michael/Desktop/AutonomeNavigationTB/3_ROS_WS/HelloEclipse/build/CMakeFiles/CMakeTmp/CheckSymbolExists.c
Linking C executable cmTC_18f46
/usr/bin/cmake -E cmake_link_script CMakeFiles/cmTC_18f46.dir/link.txt --verbose=1
/usr/bin/cc       CMakeFiles/cmTC_18f46.dir/CheckSymbolExists.c.o  -o cmTC_18f46 -rdynamic 
CMakeFiles/cmTC_18f46.dir/CheckSymbolExists.c.o: In function `main':
CheckSymbolExists.c:(.text+0x16): undefined reference to `pthread_create'
collect2: error: ld returned 1 exit status
CMakeFiles/cmTC_18f46.dir/build.make:97: recipe for target 'cmTC_18f46' failed
make[2]: *** [cmTC_18f46] Error 1
make[2]: Leaving directory '/home/michael/Desktop/AutonomeNavigationTB/3_ROS_WS/HelloEclipse/build/CMakeFiles/CMakeTmp'
Makefile:126: recipe for target 'cmTC_18f46/fast' failed
make[1]: *** [cmTC_18f46/fast] Error 2
make[1]: Leaving directory '/home/michael/Desktop/AutonomeNavigationTB/3_ROS_WS/HelloEclipse/build/CMakeFiles/CMakeTmp'

File /home/michael/Desktop/AutonomeNavigationTB/3_ROS_WS/HelloEclipse/build/CMakeFiles/CMakeTmp/CheckSymbolExists.c:
/* */
#include <pthread.h>

int main(int argc, char** argv)
{
  (void)argv;
#ifndef pthread_create
  return ((int*)(&pthread_create))[argc];
#else
  (void)argc;
  return 0;
#endif
}

Determining if the function pthread_create exists in the pthreads failed with the following output:
Change Dir: /home/michael/Desktop/AutonomeNavigationTB/3_ROS_WS/HelloEclipse/build/CMakeFiles/CMakeTmp

Run Build Command:"/usr/bin/make" "cmTC_62247/fast"
make[1]: Entering directory '/home/michael/Desktop/AutonomeNavigationTB/3_ROS_WS/HelloEclipse/build/CMakeFiles/CMakeTmp'
/usr/bin/make -f CMakeFiles/cmTC_62247.dir/build.make CMakeFiles/cmTC_62247.dir/build
make[2]: Entering directory '/home/michael/Desktop/AutonomeNavigationTB/3_ROS_WS/HelloEclipse/build/CMakeFiles/CMakeTmp'
Building C object CMakeFiles/cmTC_62247.dir/CheckFunctionExists.c.o
/usr/bin/cc    -DCHECK_FUNCTION_EXISTS=pthread_create   -o CMakeFiles/cmTC_62247.dir/CheckFunctionExists.c.o   -c /usr/share/cmake-3.5/Modules/CheckFunctionExists.c
Linking C executable cmTC_62247
/usr/bin/cmake -E cmake_link_script CMakeFiles/cmTC_62247.dir/link.txt --verbose=1
/usr/bin/cc   -DCHECK_FUNCTION_EXISTS=pthread_create    CMakeFiles/cmTC_62247.dir/CheckFunctionExists.c.o  -o cmTC_62247 -rdynamic -lpthreads 
/usr/bin/ld: cannot find -lpthreads
collect2: error: ld returned 1 exit status
CMakeFiles/cmTC_62247.dir/build.make:97: recipe for target 'cmTC_62247' failed
make[2]: *** [cmTC_62247] Error 1
make[2]: Leaving directory '/home/michael/Desktop/AutonomeNavigationTB/3_ROS_WS/HelloEclipse/build/CMakeFiles/CMakeTmp'
Makefile:126: recipe for target 'cmTC_62247/fast' failed
make[1]: *** [cmTC_62247/fast] Error 2
make[1]: Leaving directory '/home/michael/Desktop/AutonomeNavigationTB/3_ROS_WS/HelloEclipse/build/CMakeFiles/CMakeTmp'


