\BOOKMARK [0][-]{chapter.1}{Stochastische Modelle in der Robotik}{}% 1
\BOOKMARK [1][-]{section.1.1}{Geschwindigkeitsbasiertes Bewegungsmodell }{chapter.1}% 2
\BOOKMARK [0][-]{chapter.2}{Kartenerstellung}{}% 3
\BOOKMARK [1][-]{section.2.1}{Occupancy-Grid-Mapping}{chapter.2}% 4
\BOOKMARK [0][-]{chapter.3}{ROS-Navigation-Stack}{}% 5
\BOOKMARK [1][-]{section.3.1}{Funktionsprinzip des globalen Planers}{chapter.3}% 6
\BOOKMARK [2][-]{subsection.3.1.1}{Forward-Search: Breiten Suche}{section.3.1}% 7
\BOOKMARK [2][-]{subsection.3.1.2}{Forward-Search: Tiefensuche}{section.3.1}% 8
\BOOKMARK [2][-]{subsection.3.1.3}{Optimale Suche und Planung}{section.3.1}% 9
\BOOKMARK [1][-]{section.3.2}{Lokaler Planer: Dynamic Window Appraoch}{chapter.3}% 10
\BOOKMARK [2][-]{subsection.3.2.1}{Anwendungsbeispiel}{section.3.2}% 11
\BOOKMARK [0][-]{chapter.4}{Stochastische Filter}{}% 12
\BOOKMARK [1][-]{section.4.1}{Kontinuierliches Bayes Filter}{chapter.4}% 13
\BOOKMARK [1][-]{section.4.2}{Diskretes Bayes-Filter und Histogramm-Filter}{chapter.4}% 14
\BOOKMARK [1][-]{section.4.3}{Partikel-Filter}{chapter.4}% 15
\BOOKMARK [0][-]{chapter.5}{ROS-Implementierung}{}% 16
\BOOKMARK [1][-]{section.5.1}{\334berblick und Gesamtkonzept}{chapter.5}% 17
\BOOKMARK [1][-]{section.5.2}{Globaler Planer}{chapter.5}% 18
\BOOKMARK [1][-]{section.5.3}{Kostenkarten}{chapter.5}% 19
\BOOKMARK [1][-]{section.5.4}{Lokaler Planer}{chapter.5}% 20
\BOOKMARK [0][-]{chapter*.13}{Literaturverzeichnis}{}% 21
