\BOOKMARK [0][-]{chapter*.2}{Abbildungsverzeichnis}{}% 1
\BOOKMARK [0][-]{chapter*.3}{Listings}{}% 2
\BOOKMARK [0][-]{chapter.1}{Einleitung}{}% 3
\BOOKMARK [0][-]{chapter.2}{Aufbau\040des\040Gesamtsystems\040und\040der\040Infrastruktur}{}% 4
\BOOKMARK [0][-]{chapter.3}{Funktionsprinzip\040des\040globalen\040Planers}{}% 5
\BOOKMARK [1][-]{section.3.1}{Forward-Search:\040Breitensuche}{chapter.3}% 6
\BOOKMARK [1][-]{section.3.2}{Forward-Search:\040Tiefensuche}{chapter.3}% 7
\BOOKMARK [1][-]{section.3.3}{Optimale\040Suche\040und\040Planung}{chapter.3}% 8
\BOOKMARK [2][-]{subsection.3.3.1}{A*}{section.3.3}% 9
\BOOKMARK [0][-]{chapter.4}{Stochastische\040Modelle\040in\040der\040Robotik}{}% 10
\BOOKMARK [1][-]{section.4.1}{Geschwindigkeitsbasiertes\040Bewegungsmodell\040}{chapter.4}% 11
\BOOKMARK [1][-]{section.4.2}{Messmodell}{chapter.4}% 12
\BOOKMARK [1][-]{section.4.3}{Kontinuierliches\040Bayes\040Filter}{chapter.4}% 13
\BOOKMARK [0][-]{chapter.5}{Kartenerstellung}{}% 14
\BOOKMARK [1][-]{section.5.1}{Occupancy-Grid-Mapping}{chapter.5}% 15
\BOOKMARK [0][-]{chapter.6}{Lokaler\040Planer:\040Dynamic\040Window\040Appraoch}{}% 16
\BOOKMARK [1][-]{section.6.1}{Anwendungsbeispiel}{chapter.6}% 17
\BOOKMARK [0][-]{chapter.7}{Lokalisierung}{}% 18
\BOOKMARK [1][-]{section.7.1}{Grid-Localization}{chapter.7}% 19
\BOOKMARK [1][-]{section.7.2}{Adaptive\040Monte-Carlo-Lokalisierung}{chapter.7}% 20
\BOOKMARK [0][-]{chapter.8}{Erprobung\040der\040Navigation}{}% 21
\BOOKMARK [1][-]{section.8.1}{Anwendungsszenario\0401:\040Triviale\040Navigation}{chapter.8}% 22
\BOOKMARK [1][-]{section.8.2}{Anwendungsszenario\0402:\040Hindernisdetektion}{chapter.8}% 23
\BOOKMARK [1][-]{section.8.3}{Anwendungsszenario\0403:\040Lokalisierung}{chapter.8}% 24
\BOOKMARK [0][-]{chapter.9}{ROS\040Implementierung}{}% 25
\BOOKMARK [1][-]{section.9.1}{Systemstruktur}{chapter.9}% 26
\BOOKMARK [1][-]{section.9.2}{Inbetriebnahme\040der\040Turtlebots}{chapter.9}% 27
\BOOKMARK [2][-]{subsection.9.2.1}{Fernsteuerung\040eines\040Turtlebots}{section.9.2}% 28
\BOOKMARK [2][-]{subsection.9.2.2}{Aufzeichnung\040einer\040Karte}{section.9.2}% 29
\BOOKMARK [2][-]{subsection.9.2.3}{Navigation\040eines\040einzelnen\040Roboters}{section.9.2}% 30
\BOOKMARK [2][-]{subsection.9.2.4}{Navigation\040mehrerer\040Roboter}{section.9.2}% 31
\BOOKMARK [0][-]{chapter.10}{Ausblick\040und\040Fazit}{}% 32
\BOOKMARK [0][-]{chapter*.38}{Literaturverzeichnis}{}% 33
